# JRE version: OpenJDK Runtime Environment (8.0_202-b03) (build 1.8.0_202-release-1483-b03)
# Java VM: OpenJDK 64-Bit Server VM (25.202-b03 mixed mode windows-amd64 compressed oops)
Heap:
 PSYoungGen      total 400384K, used 146476K [0x00000000e0000000, 0x0000000100000000, 0x0000000100000000)
  eden space 276480K, 8% used [0x00000000e0000000,0x00000000e160f118,0x00000000f0e00000)
  from space 123904K, 99% used [0x00000000f0e00000,0x00000000f86fbfb0,0x00000000f8700000)
  to   space 123904K, 0% used [0x00000000f8700000,0x00000000f8700000,0x0000000100000000)
 ParOldGen       total 294912K, used 135799K [0x00000000a0000000, 0x00000000b2000000, 0x00000000e0000000)
  object space 294912K, 46% used [0x00000000a0000000,0x00000000a849df80,0x00000000b2000000)
 Metaspace       used 96004K, capacity 102134K, committed 102360K, reserved 1138688K
  class space    used 11970K, capacity 13047K, committed 13056K, reserved 1048576K
GC Heap History (10 events):
Event: 12559.693 GC heap before
{Heap before GC invocations=49 (full 8):
 PSYoungGen      total 424448K, used 424446K [0x00000000e0000000, 0x0000000100000000, 0x0000000100000000)
  eden space 359424K, 100% used [0x00000000e0000000,0x00000000f5f00000,0x00000000f5f00000)
  from space 65024K, 99% used [0x00000000fbb00000,0x00000000ffa7f8e0,0x00000000ffa80000)
  to   space 82432K, 0% used [0x00000000f5f00000,0x00000000f5f00000,0x00000000faf80000)
 ParOldGen       total 294912K, used 83170K [0x00000000a0000000, 0x00000000b2000000, 0x00000000e0000000)
  object space 294912K, 28% used [0x00000000a0000000,0x00000000a5138ae0,0x00000000b2000000)
 Metaspace       used 89517K, capacity 93756K, committed 95192K, reserved 1132544K
  class space    used 11001K, capacity 11767K, committed 12288K, reserved 1048576K
Event: 12560.817 GC heap after
Heap after GC invocations=49 (full 8):
 PSYoungGen      total 441856K, used 82410K [0x00000000e0000000, 0x0000000100000000, 0x0000000100000000)
  eden space 359424K, 0% used [0x00000000e0000000,0x00000000e0000000,0x00000000f5f00000)
  from space 82432K, 99% used [0x00000000f5f00000,0x00000000faf7ab58,0x00000000faf80000)
  to   space 82432K, 0% used [0x00000000faf80000,0x00000000faf80000,0x0000000100000000)
 ParOldGen       total 294912K, used 93511K [0x00000000a0000000, 0x00000000b2000000, 0x00000000e0000000)
  object space 294912K, 31% used [0x00000000a0000000,0x00000000a5b51fd8,0x00000000b2000000)
 Metaspace       used 89517K, capacity 93756K, committed 95192K, reserved 1132544K
  class space    used 11001K, capacity 11767K, committed 12288K, reserved 1048576K
}
Event: 13043.174 GC heap before
{Heap before GC invocations=50 (full 8):
 PSYoungGen      total 441856K, used 441834K [0x00000000e0000000, 0x0000000100000000, 0x0000000100000000)
  eden space 359424K, 100% used [0x00000000e0000000,0x00000000f5f00000,0x00000000f5f00000)
  from space 82432K, 99% used [0x00000000f5f00000,0x00000000faf7ab58,0x00000000faf80000)
  to   space 82432K, 0% used [0x00000000faf80000,0x00000000faf80000,0x0000000100000000)
 ParOldGen       total 294912K, used 93511K [0x00000000a0000000, 0x00000000b2000000, 0x00000000e0000000)
  object space 294912K, 31% used [0x00000000a0000000,0x00000000a5b51fd8,0x00000000b2000000)
 Metaspace       used 94046K, capacity 98966K, committed 99160K, reserved 1136640K
  class space    used 11678K, capacity 12577K, committed 12672K, reserved 1048576K
Event: 13043.861 GC heap after
Heap after GC invocations=50 (full 8):
 PSYoungGen      total 387584K, used 78153K [0x00000000e0000000, 0x0000000100000000, 0x0000000100000000)
  eden space 305152K, 0% used [0x00000000e0000000,0x00000000e0000000,0x00000000f2a00000)
  from space 82432K, 94% used [0x00000000faf80000,0x00000000ffbd2468,0x0000000100000000)
  to   space 109568K, 0% used [0x00000000f2a00000,0x00000000f2a00000,0x00000000f9500000)
 ParOldGen       total 294912K, used 93519K [0x00000000a0000000, 0x00000000b2000000, 0x00000000e0000000)
  object space 294912K, 31% used [0x00000000a0000000,0x00000000a5b53fd8,0x00000000b2000000)
 Metaspace       used 94046K, capacity 98966K, committed 99160K, reserved 1136640K
  class space    used 11678K, capacity 12577K, committed 12672K, reserved 1048576K
}
Event: 13136.740 GC heap before
{Heap before GC invocations=51 (full 8):
 PSYoungGen      total 387584K, used 383305K [0x00000000e0000000, 0x0000000100000000, 0x0000000100000000)
  eden space 305152K, 100% used [0x00000000e0000000,0x00000000f2a00000,0x00000000f2a00000)
  from space 82432K, 94% used [0x00000000faf80000,0x00000000ffbd2468,0x0000000100000000)
  to   space 109568K, 0% used [0x00000000f2a00000,0x00000000f2a00000,0x00000000f9500000)
 ParOldGen       total 294912K, used 93519K [0x00000000a0000000, 0x00000000b2000000, 0x00000000e0000000)
  object space 294912K, 31% used [0x00000000a0000000,0x00000000a5b53fd8,0x00000000b2000000)
 Metaspace       used 95345K, capacity 101396K, committed 101592K, reserved 1138688K
  class space    used 11899K, capacity 12940K, committed 13056K, reserved 1048576K
Event: 13137.472 GC heap after
Heap after GC invocations=51 (full 8):
 PSYoungGen      total 381440K, used 76082K [0x00000000e0000000, 0x0000000100000000, 0x0000000100000000)
  eden space 305152K, 0% used [0x00000000e0000000,0x00000000e0000000,0x00000000f2a00000)
  from space 76288K, 99% used [0x00000000f2a00000,0x00000000f744c9a8,0x00000000f7480000)
  to   space 115712K, 0% used [0x00000000f8f00000,0x00000000f8f00000,0x0000000100000000)
 ParOldGen       total 294912K, used 93527K [0x00000000a0000000, 0x00000000b2000000, 0x00000000e0000000)
  object space 294912K, 31% used [0x00000000a0000000,0x00000000a5b55fd8,0x00000000b2000000)
 Metaspace       used 95345K, capacity 101396K, committed 101592K, reserved 1138688K
  class space    used 11899K, capacity 12940K, committed 13056K, reserved 1048576K
}
Event: 13159.262 GC heap before
{Heap before GC invocations=52 (full 8):
 PSYoungGen      total 381440K, used 381234K [0x00000000e0000000, 0x0000000100000000, 0x0000000100000000)
  eden space 305152K, 100% used [0x00000000e0000000,0x00000000f2a00000,0x00000000f2a00000)
  from space 76288K, 99% used [0x00000000f2a00000,0x00000000f744c9a8,0x00000000f7480000)
  to   space 115712K, 0% used [0x00000000f8f00000,0x00000000f8f00000,0x0000000100000000)
 ParOldGen       total 294912K, used 93527K [0x00000000a0000000, 0x00000000b2000000, 0x00000000e0000000)
  object space 294912K, 31% used [0x00000000a0000000,0x00000000a5b55fd8,0x00000000b2000000)
 Metaspace       used 95785K, capacity 101894K, committed 102104K, reserved 1138688K
  class space    used 11946K, capacity 13041K, committed 13056K, reserved 1048576K
Event: 13159.804 GC heap after
Heap after GC invocations=52 (full 8):
 PSYoungGen      total 392192K, used 85984K [0x00000000e0000000, 0x0000000100000000, 0x0000000100000000)
  eden space 276480K, 0% used [0x00000000e0000000,0x00000000e0000000,0x00000000f0e00000)
  from space 115712K, 74% used [0x00000000f8f00000,0x00000000fe2f8168,0x0000000100000000)
  to   space 123904K, 0% used [0x00000000f0e00000,0x00000000f0e00000,0x00000000f8700000)
 ParOldGen       total 294912K, used 93527K [0x00000000a0000000, 0x00000000b2000000, 0x00000000e0000000)
  object space 294912K, 31% used [0x00000000a0000000,0x00000000a5b55fd8,0x00000000b2000000)
 Metaspace       used 95785K, capacity 101894K, committed 102104K, reserved 1138688K
  class space    used 11946K, capacity 13041K, committed 13056K, reserved 1048576K
}
Event: 13177.268 GC heap before
{Heap before GC invocations=53 (full 8):
 PSYoungGen      total 392192K, used 362413K [0x00000000e0000000, 0x0000000100000000, 0x0000000100000000)
  eden space 276480K, 99% used [0x00000000e0000000,0x00000000f0df3430,0x00000000f0e00000)
  from space 115712K, 74% used [0x00000000f8f00000,0x00000000fe2f8168,0x0000000100000000)
  to   space 123904K, 0% used [0x00000000f0e00000,0x00000000f0e00000,0x00000000f8700000)
 ParOldGen       total 294912K, used 93527K [0x00000000a0000000, 0x00000000b2000000, 0x00000000e0000000)
  object space 294912K, 31% used [0x00000000a0000000,0x00000000a5b55fd8,0x00000000b2000000)
 Metaspace       used 96000K, capacity 102134K, committed 102360K, reserved 1138688K
  class space    used 11970K, capacity 13047K, committed 13056K, reserved 1048576K
Event: 13179.882 GC heap after
Heap after GC invocations=53 (full 8):
 PSYoungGen      total 400384K, used 123887K [0x00000000e0000000, 0x0000000100000000, 0x0000000100000000)
  eden space 276480K, 0% used [0x00000000e0000000,0x00000000e0000000,0x00000000f0e00000)
  from space 123904K, 99% used [0x00000000f0e00000,0x00000000f86fbfb0,0x00000000f8700000)
  to   space 123904K, 0% used [0x00000000f8700000,0x00000000f8700000,0x0000000100000000)
 ParOldGen       total 294912K, used 135799K [0x00000000a0000000, 0x00000000b2000000, 0x00000000e0000000)
  object space 294912K, 46% used [0x00000000a0000000,0x00000000a849df80,0x00000000b2000000)
 Metaspace       used 96000K, capacity 102134K, committed 102360K, reserved 1138688K
  class space    used 11970K, capacity 13047K, committed 13056K, reserved 1048576K
}

